<?xml version="1.0" encoding="UTF-8"?>
<coverage generated="1674752667943" clover="3.2.0">
  <project timestamp="1674752667944" name="All files">
    <metrics statements="23" coveredstatements="23" conditionals="8" coveredconditionals="8" methods="5" coveredmethods="5" elements="36" coveredelements="36" complexity="0" loc="23" ncloc="23" packages="1" files="1" classes="1"/>
    <file name="CRUD.js" path="/home/matama/partner-test/src/modules/CRUD.js">
      <metrics statements="23" coveredstatements="23" conditionals="8" coveredconditionals="8" methods="5" coveredmethods="5"/>
      <line num="3" count="2" type="stmt"/>
      <line num="4" count="2" type="stmt"/>
      <line num="5" count="2" type="stmt"/>
      <line num="9" count="1" type="stmt"/>
      <line num="10" count="4" type="cond" truecount="4" falsecount="0"/>
      <line num="11" count="2" type="stmt"/>
      <line num="13" count="2" type="stmt"/>
      <line num="14" count="2" type="stmt"/>
      <line num="15" count="2" type="stmt"/>
      <line num="18" count="1" type="stmt"/>
      <line num="19" count="5" type="cond" truecount="4" falsecount="0"/>
      <line num="20" count="3" type="stmt"/>
      <line num="22" count="2" type="stmt"/>
      <line num="24" count="2" type="stmt"/>
      <line num="26" count="2" type="stmt"/>
      <line num="27" count="1" type="stmt"/>
      <line num="29" count="2" type="stmt"/>
      <line num="32" count="1" type="stmt"/>
      <line num="33" count="12" type="stmt"/>
      <line num="34" count="3" type="stmt"/>
      <line num="35" count="6" type="stmt"/>
      <line num="37" count="3" type="stmt"/>
      <line num="40" count="1" type="stmt"/>
    </file>
  </project>
</coverage>
