TN:
SF:src/modules/CRUD.js
FN:2,(anonymous_0)
FN:9,(anonymous_1)
FN:18,(anonymous_2)
FN:32,(anonymous_3)
FN:33,(anonymous_4)
FNF:5
FNH:5
FNDA:2,(anonymous_0)
FNDA:4,(anonymous_1)
FNDA:5,(anonymous_2)
FNDA:3,(anonymous_3)
FNDA:12,(anonymous_4)
DA:3,2
DA:4,2
DA:5,2
DA:9,1
DA:10,4
DA:11,2
DA:13,2
DA:14,2
DA:15,2
DA:18,1
DA:19,5
DA:20,3
DA:22,2
DA:24,2
DA:26,2
DA:27,1
DA:29,2
DA:32,1
DA:33,12
DA:34,3
DA:35,6
DA:37,3
DA:40,1
LF:23
LH:23
BRDA:10,0,0,2
BRDA:10,0,1,2
BRDA:10,1,0,4
BRDA:10,1,1,3
BRDA:19,2,0,3
BRDA:19,2,1,2
BRDA:19,3,0,5
BRDA:19,3,1,3
BRF:8
BRH:8
end_of_record
